<?xml version="1.0" encoding="UTF-8"?>
<testsuite xmlns:xsi="http://www.w3.org/2001/XMLSchema-instance" xsi:noNamespaceSchemaLocation="https://maven.apache.org/surefire/maven-surefire-plugin/xsd/surefire-test-report.xsd" name="RoverTest" time="0.075" tests="3" errors="0" skipped="0" failures="0">
  <properties>
[...]
</properties>
  <testcase name="getPosFinal" classname="RoverTest" time="0.065"/>
  <testcase name="moveRoverCase2" classname="RoverTest" time="0.002"/>
  <testcase name="moveRover" classname="RoverTest" time="0"/>
</testsuite>